<?xml version="1.0" encoding="UTF-8"?>
<!-- Generated by org.testng.reporters.JUnitXMLReporter -->
<testsuite ignored="0" hostname="DESKTOP-6VK8831" failures="0" tests="4" name="Surefire test" time="17.308" errors="0" timestamp="2024-01-10T01:05:20 PST">
  <testcase classname="com.qacart.todo.testCases.creataccountTest" name="creatAcount" time="8.709"/>
  <testcase classname="com.qacart.todo.testCases.LoginTest" name="LoginWithemailAndPassword" time="2.902"/>
  <testcase classname="com.qacart.todo.testCases.NewTodoTest" name="DeleteTheTodo" time="4.514"/>
  <testcase classname="com.qacart.todo.testCases.NewTodoTest" name="TestToDos" time="3.776"/>
</testsuite> <!-- Surefire test -->
