<?xml version="1.0" encoding="UTF-8"?>
<testng-results ignored="0" total="4" passed="4" failed="0" skipped="0">
  <reporter-output>
  </reporter-output>
  <suite started-at="2024-01-10T01:05:02 PST" name="Surefire suite" finished-at="2024-01-10T01:05:20 PST" duration-ms="17308">
    <groups>
    </groups>
    <test started-at="2024-01-10T01:05:02 PST" name="Surefire test" finished-at="2024-01-10T01:05:20 PST" duration-ms="17308">
      <class name="com.qacart.todo.testCases.NewTodoTest">
        <test-method is-config="true" signature="setup()[pri:0, instance:com.qacart.todo.testCases.NewTodoTest@109d724c]" started-at="2024-01-10T01:05:11 PST" name="setup" finished-at="2024-01-10T01:05:14 PST" duration-ms="3005" status="PASS">
          <reporter-output>
          </reporter-output>
        </test-method> <!-- setup -->
        <test-method is-config="true" signature="setup()[pri:0, instance:com.qacart.todo.testCases.NewTodoTest@109d724c]" started-at="2024-01-10T01:05:12 PST" name="setup" finished-at="2024-01-10T01:05:15 PST" duration-ms="3120" status="PASS">
          <reporter-output>
          </reporter-output>
        </test-method> <!-- setup -->
        <test-method signature="DeleteTheTodo()[pri:0, instance:com.qacart.todo.testCases.NewTodoTest@109d724c]" started-at="2024-01-10T01:05:14 PST" name="DeleteTheTodo" description="Must delete the todo" finished-at="2024-01-10T01:05:19 PST" duration-ms="4514" status="PASS">
          <reporter-output>
          </reporter-output>
        </test-method> <!-- DeleteTheTodo -->
        <test-method signature="TestToDos()[pri:0, instance:com.qacart.todo.testCases.NewTodoTest@109d724c]" started-at="2024-01-10T01:05:15 PST" name="TestToDos" description="Should be able to add a new todo correctly" finished-at="2024-01-10T01:05:19 PST" duration-ms="3776" status="PASS">
          <reporter-output>
          </reporter-output>
        </test-method> <!-- TestToDos -->
        <test-method is-config="true" signature="teardown(org.testng.ITestResult)[pri:0, instance:com.qacart.todo.testCases.NewTodoTest@109d724c]" started-at="2024-01-10T01:05:19 PST" name="teardown" finished-at="2024-01-10T01:05:19 PST" duration-ms="382" status="PASS">
          <params>
            <param index="0">
              <value>
                <![CDATA[[TestResult name=DeleteTheTodo status=SUCCESS method=NewTodoTest.DeleteTheTodo()[pri:0, instance:com.qacart.todo.testCases.NewTodoTest@109d724c] output={null}]]]>
              </value>
            </param>
          </params>
          <reporter-output>
          </reporter-output>
        </test-method> <!-- teardown -->
        <test-method is-config="true" signature="teardown(org.testng.ITestResult)[pri:0, instance:com.qacart.todo.testCases.NewTodoTest@109d724c]" started-at="2024-01-10T01:05:19 PST" name="teardown" finished-at="2024-01-10T01:05:20 PST" duration-ms="479" status="PASS">
          <params>
            <param index="0">
              <value>
                <![CDATA[[TestResult name=TestToDos status=SUCCESS method=NewTodoTest.TestToDos()[pri:0, instance:com.qacart.todo.testCases.NewTodoTest@109d724c] output={null}]]]>
              </value>
            </param>
          </params>
          <reporter-output>
          </reporter-output>
        </test-method> <!-- teardown -->
      </class> <!-- com.qacart.todo.testCases.NewTodoTest -->
      <class name="com.qacart.todo.testCases.creataccountTest">
        <test-method signature="creatAcount()[pri:0, instance:com.qacart.todo.testCases.creataccountTest@11841b15]" started-at="2024-01-10T01:05:02 PST" name="creatAcount" description="Create a new account" finished-at="2024-01-10T01:05:11 PST" duration-ms="8709" status="PASS">
          <reporter-output>
          </reporter-output>
        </test-method> <!-- creatAcount -->
      </class> <!-- com.qacart.todo.testCases.creataccountTest -->
      <class name="com.qacart.todo.testCases.LoginTest">
        <test-method is-config="true" signature="setup()[pri:0, instance:com.qacart.todo.testCases.LoginTest@73877e19]" started-at="2024-01-10T01:05:02 PST" name="setup" finished-at="2024-01-10T01:05:09 PST" duration-ms="6092" status="PASS">
          <reporter-output>
          </reporter-output>
        </test-method> <!-- setup -->
        <test-method signature="LoginWithemailAndPassword()[pri:0, instance:com.qacart.todo.testCases.LoginTest@73877e19]" started-at="2024-01-10T01:05:09 PST" name="LoginWithemailAndPassword" description="Test The login functionality using Email and Password" finished-at="2024-01-10T01:05:12 PST" duration-ms="2902" status="PASS">
          <reporter-output>
          </reporter-output>
        </test-method> <!-- LoginWithemailAndPassword -->
        <test-method is-config="true" signature="teardown(org.testng.ITestResult)[pri:0, instance:com.qacart.todo.testCases.LoginTest@73877e19]" started-at="2024-01-10T01:05:12 PST" name="teardown" finished-at="2024-01-10T01:05:12 PST" duration-ms="442" status="PASS">
          <params>
            <param index="0">
              <value>
                <![CDATA[[TestResult name=LoginWithemailAndPassword status=SUCCESS method=LoginTest.LoginWithemailAndPassword()[pri:0, instance:com.qacart.todo.testCases.LoginTest@73877e19] output={null}]]]>
              </value>
            </param>
          </params>
          <reporter-output>
          </reporter-output>
        </test-method> <!-- teardown -->
      </class> <!-- com.qacart.todo.testCases.LoginTest -->
    </test> <!-- Surefire test -->
  </suite> <!-- Surefire suite -->
</testng-results>
