<?xml version="1.0" encoding="UTF-8"?>
<testng-results ignored="0" total="2" passed="2" failed="0" skipped="0">
  <reporter-output>
  </reporter-output>
  <suite started-at="2024-01-08T04:45:38 PST" name="Default suite" finished-at="2024-01-08T04:45:51 PST" duration-ms="13000">
    <groups>
    </groups>
    <test started-at="2024-01-08T04:45:38 PST" name="Default test" finished-at="2024-01-08T04:45:51 PST" duration-ms="13000">
      <class name="com.qacart.todo.testCases.NewTodoTest">
        <test-method is-config="true" signature="setup()[pri:0, instance:com.qacart.todo.testCases.NewTodoTest@3a2b2322]" started-at="2024-01-08T04:45:38 PST" name="setup" finished-at="2024-01-08T04:45:43 PST" duration-ms="4344" status="PASS">
          <reporter-output>
          </reporter-output>
        </test-method> <!-- setup -->
        <test-method signature="DeleteTheTodo()[pri:0, instance:com.qacart.todo.testCases.NewTodoTest@3a2b2322]" started-at="2024-01-08T04:45:43 PST" name="DeleteTheTodo" description="Must delete the todo" finished-at="2024-01-08T04:45:46 PST" duration-ms="2829" status="PASS">
          <reporter-output>
          </reporter-output>
        </test-method> <!-- DeleteTheTodo -->
        <test-method is-config="true" signature="teardown(org.testng.ITestResult)[pri:0, instance:com.qacart.todo.testCases.NewTodoTest@3a2b2322]" started-at="2024-01-08T04:45:46 PST" name="teardown" finished-at="2024-01-08T04:45:46 PST" duration-ms="215" status="PASS">
          <params>
            <param index="0">
              <value>
                <![CDATA[[TestResult name=DeleteTheTodo status=SUCCESS method=NewTodoTest.DeleteTheTodo()[pri:0, instance:com.qacart.todo.testCases.NewTodoTest@3a2b2322] output={null}]]]>
              </value>
            </param>
          </params>
          <reporter-output>
          </reporter-output>
        </test-method> <!-- teardown -->
        <test-method is-config="true" signature="setup()[pri:0, instance:com.qacart.todo.testCases.NewTodoTest@3a2b2322]" started-at="2024-01-08T04:45:46 PST" name="setup" finished-at="2024-01-08T04:45:48 PST" duration-ms="2386" status="PASS">
          <reporter-output>
          </reporter-output>
        </test-method> <!-- setup -->
        <test-method signature="TestToDos()[pri:0, instance:com.qacart.todo.testCases.NewTodoTest@3a2b2322]" started-at="2024-01-08T04:45:48 PST" name="TestToDos" description="Should be able to add a new todo correctly" finished-at="2024-01-08T04:45:51 PST" duration-ms="2718" status="PASS">
          <reporter-output>
          </reporter-output>
        </test-method> <!-- TestToDos -->
        <test-method is-config="true" signature="teardown(org.testng.ITestResult)[pri:0, instance:com.qacart.todo.testCases.NewTodoTest@3a2b2322]" started-at="2024-01-08T04:45:51 PST" name="teardown" finished-at="2024-01-08T04:45:51 PST" duration-ms="207" status="PASS">
          <params>
            <param index="0">
              <value>
                <![CDATA[[TestResult name=TestToDos status=SUCCESS method=NewTodoTest.TestToDos()[pri:0, instance:com.qacart.todo.testCases.NewTodoTest@3a2b2322] output={null}]]]>
              </value>
            </param>
          </params>
          <reporter-output>
          </reporter-output>
        </test-method> <!-- teardown -->
      </class> <!-- com.qacart.todo.testCases.NewTodoTest -->
    </test> <!-- Default test -->
  </suite> <!-- Default suite -->
</testng-results>
